  Game.cpp
C:\Users\ADMIN\OneDrive - VNU-HCMUS\Desktop\code\Snake\Snake\Game.cpp(22,47): warning C4244: 'argument': conversion from 'T' to 'float', possible loss of data
          with
          [
              T=unsigned int
          ]
C:\Users\ADMIN\OneDrive - VNU-HCMUS\Desktop\code\Snake\Snake\Game.cpp(22,33): warning C4244: 'argument': conversion from 'T' to 'float', possible loss of data
          with
          [
              T=unsigned int
          ]
C:\Users\ADMIN\OneDrive - VNU-HCMUS\Desktop\code\Snake\Snake\Game.cpp(114,34): warning C4244: 'argument': conversion from 'int' to 'float', possible loss of data
C:\Users\ADMIN\OneDrive - VNU-HCMUS\Desktop\code\Snake\Snake\Game.cpp(114,28): warning C4244: 'argument': conversion from 'int' to 'float', possible loss of data
C:\Users\ADMIN\OneDrive - VNU-HCMUS\Desktop\code\Snake\Snake\Game.cpp(154,65): warning C4244: 'argument': conversion from 'int' to 'T', possible loss of data
          with
          [
              T=float
          ]
C:\Users\ADMIN\OneDrive - VNU-HCMUS\Desktop\code\Snake\Snake\Game.cpp(154,43): warning C4244: 'argument': conversion from 'int' to 'T', possible loss of data
          with
          [
              T=float
          ]
C:\Users\ADMIN\OneDrive - VNU-HCMUS\Desktop\code\Snake\Snake\Game.cpp(316,64): warning C4244: 'argument': conversion from 'T' to 'float', possible loss of data
          with
          [
              T=unsigned int
          ]
C:\Users\ADMIN\OneDrive - VNU-HCMUS\Desktop\code\Snake\Snake\Game.cpp(316,44): warning C4244: 'argument': conversion from 'T' to 'float', possible loss of data
          with
          [
              T=unsigned int
          ]
C:\Users\ADMIN\OneDrive - VNU-HCMUS\Desktop\code\Snake\Snake\Game.cpp(322,64): warning C4244: 'argument': conversion from 'T' to 'float', possible loss of data
          with
          [
              T=unsigned int
          ]
C:\Users\ADMIN\OneDrive - VNU-HCMUS\Desktop\code\Snake\Snake\Game.cpp(322,44): warning C4244: 'argument': conversion from 'T' to 'float', possible loss of data
          with
          [
              T=unsigned int
          ]
C:\Users\ADMIN\OneDrive - VNU-HCMUS\Desktop\code\Snake\Snake\Game.cpp(328,64): warning C4244: 'argument': conversion from 'T' to 'float', possible loss of data
          with
          [
              T=unsigned int
          ]
C:\Users\ADMIN\OneDrive - VNU-HCMUS\Desktop\code\Snake\Snake\Game.cpp(328,44): warning C4244: 'argument': conversion from 'T' to 'float', possible loss of data
          with
          [
              T=unsigned int
          ]
C:\Users\ADMIN\OneDrive - VNU-HCMUS\Desktop\code\Snake\Snake\Game.cpp(395,19): warning C4267: 'initializing': conversion from 'size_t' to 'int', possible loss of data
C:\Users\ADMIN\OneDrive - VNU-HCMUS\Desktop\code\Snake\Snake\Game.cpp(457,39): warning C4244: 'argument': conversion from 'unsigned int' to 'float', possible loss of data
C:\Users\ADMIN\OneDrive - VNU-HCMUS\Desktop\code\Snake\Snake\Game.cpp(457,27): warning C4244: 'argument': conversion from 'unsigned int' to 'float', possible loss of data
C:\Users\ADMIN\OneDrive - VNU-HCMUS\Desktop\code\Snake\Snake\Game.cpp(458,32): warning C4244: 'argument': conversion from 'unsigned int' to 'float', possible loss of data
C:\Users\ADMIN\OneDrive - VNU-HCMUS\Desktop\code\Snake\Snake\Game.cpp(458,20): warning C4244: 'argument': conversion from 'unsigned int' to 'float', possible loss of data
  ObjectManager.cpp
  main.cpp
  snake.cpp
C:\Users\ADMIN\OneDrive - VNU-HCMUS\Desktop\code\Snake\Snake\snake.cpp(26,16): warning C4267: 'initializing': conversion from 'size_t' to 'int', possible loss of data
  Generating Code...
  snake.vcxproj -> C:\Users\ADMIN\OneDrive - VNU-HCMUS\Desktop\code\Snake\x64\Debug\snake.exe
